320739 4500 1253 18
Data prepare ready ====== 
Start Training ====== 
[1,   100] loss: 0.265
Valid [1,  18] loss: 0.335
Valid iter[0] loss: 0.335
[1,   200] loss: 0.259
Valid [1,  18] loss: 0.335
Valid iter[0] loss: 0.335
[1,   300] loss: 0.257
Valid [1,  18] loss: 0.339
Valid iter[0] loss: 0.339
[1,   400] loss: 0.257
Valid [1,  18] loss: 0.337
Valid iter[0] loss: 0.337
[1,   500] loss: 0.255
Valid [1,  18] loss: 0.339
Valid iter[0] loss: 0.339
[1,   600] loss: 0.256
Valid [1,  18] loss: 0.336
Valid iter[0] loss: 0.336
[1,   700] loss: 0.258
Valid [1,  18] loss: 0.338
Valid iter[0] loss: 0.338
[1,   800] loss: 0.256
Valid [1,  18] loss: 0.339
Valid iter[0] loss: 0.339
[1,   900] loss: 0.254
Valid [1,  18] loss: 0.338
Valid iter[0] loss: 0.338
[1,  1000] loss: 0.250
Valid [1,  18] loss: 0.340
Valid iter[0] loss: 0.340
[1,  1100] loss: 0.252
Valid [1,  18] loss: 0.342
Valid iter[0] loss: 0.342
[1,  1200] loss: 0.253
Valid [1,  18] loss: 0.333
Valid iter[0] loss: 0.333
[1,  1253] loss: 0.250
Valid [1,  18] loss: 0.336
Valid iter[0] loss: 0.336
[2,   100] loss: 0.252
Valid [2,  18] loss: 0.342
Valid iter[1253] loss: 0.342
[2,   200] loss: 0.249
Valid [2,  18] loss: 0.337
Valid iter[1253] loss: 0.337
[2,   300] loss: 0.252
Valid [2,  18] loss: 0.336
Valid iter[1253] loss: 0.336
[2,   400] loss: 0.249
Valid [2,  18] loss: 0.331
Valid iter[1253] loss: 0.331
[2,   500] loss: 0.248
Valid [2,  18] loss: 0.328
Valid iter[1253] loss: 0.328
[2,   600] loss: 0.247
Valid [2,  18] loss: 0.336
Valid iter[1253] loss: 0.336
[2,   700] loss: 0.250
Valid [2,  18] loss: 0.331
Valid iter[1253] loss: 0.331
[2,   800] loss: 0.250
Valid [2,  18] loss: 0.329
Valid iter[1253] loss: 0.329
[2,   900] loss: 0.251
Valid [2,  18] loss: 0.333
Valid iter[1253] loss: 0.333
[2,  1000] loss: 0.251
Valid [2,  18] loss: 0.326
Valid iter[1253] loss: 0.326
[2,  1100] loss: 0.248
Valid [2,  18] loss: 0.328
Valid iter[1253] loss: 0.328
[2,  1200] loss: 0.248
Valid [2,  18] loss: 0.334
Valid iter[1253] loss: 0.334
[2,  1253] loss: 0.248
Valid [2,  18] loss: 0.327
Valid iter[1253] loss: 0.327
[3,   100] loss: 0.247
Valid [3,  18] loss: 0.338
Valid iter[2506] loss: 0.338
[3,   200] loss: 0.249
Valid [3,  18] loss: 0.329
Valid iter[2506] loss: 0.329
[3,   300] loss: 0.244
Valid [3,  18] loss: 0.331
Valid iter[2506] loss: 0.331
[3,   400] loss: 0.247
Valid [3,  18] loss: 0.326
Valid iter[2506] loss: 0.326
[3,   500] loss: 0.246
Valid [3,  18] loss: 0.337
Valid iter[2506] loss: 0.337
[3,   600] loss: 0.246
Valid [3,  18] loss: 0.329
Valid iter[2506] loss: 0.329
[3,   700] loss: 0.243
Valid [3,  18] loss: 0.317
Valid iter[2506] loss: 0.317
[3,   800] loss: 0.245
Valid [3,  18] loss: 0.320
Valid iter[2506] loss: 0.320
[3,   900] loss: 0.241
Valid [3,  18] loss: 0.323
Valid iter[2506] loss: 0.323
[3,  1000] loss: 0.241
Valid [3,  18] loss: 0.318
Valid iter[2506] loss: 0.318
[3,  1100] loss: 0.237
Valid [3,  18] loss: 0.327
Valid iter[2506] loss: 0.327
[3,  1200] loss: 0.235
Valid [3,  18] loss: 0.316
Valid iter[2506] loss: 0.316
[3,  1253] loss: 0.233
Valid [3,  18] loss: 0.315
Valid iter[2506] loss: 0.315
[4,   100] loss: 0.231
Valid [4,  18] loss: 0.312
Valid iter[3759] loss: 0.312
[4,   200] loss: 0.224
Valid [4,  18] loss: 0.316
Valid iter[3759] loss: 0.316
[4,   300] loss: 0.222
Valid [4,  18] loss: 0.323
Valid iter[3759] loss: 0.323
[4,   400] loss: 0.218
Valid [4,  18] loss: 0.283
Valid iter[3759] loss: 0.283
[4,   500] loss: 0.212
Valid [4,  18] loss: 0.307
Valid iter[3759] loss: 0.307
[4,   600] loss: 0.207
Valid [4,  18] loss: 0.284
Valid iter[3759] loss: 0.284
[4,   700] loss: 0.197
Valid [4,  18] loss: 0.333
Valid iter[3759] loss: 0.333
[4,   800] loss: 0.195
Valid [4,  18] loss: 0.316
Valid iter[3759] loss: 0.316
[4,   900] loss: 0.189
Valid [4,  18] loss: 0.258
Valid iter[3759] loss: 0.258
[4,  1000] loss: 0.186
Valid [4,  18] loss: 0.292
Valid iter[3759] loss: 0.292
[4,  1100] loss: 0.180
Valid [4,  18] loss: 0.265
Valid iter[3759] loss: 0.265
[4,  1200] loss: 0.175
Valid [4,  18] loss: 0.271
Valid iter[3759] loss: 0.271
[4,  1253] loss: 0.177
Valid [4,  18] loss: 0.269
Valid iter[3759] loss: 0.269
[5,   100] loss: 0.173
Valid [5,  18] loss: 0.282
Valid iter[5012] loss: 0.282
[5,   200] loss: 0.170
Valid [5,  18] loss: 0.278
Valid iter[5012] loss: 0.278
[5,   300] loss: 0.164
Valid [5,  18] loss: 0.234
Valid iter[5012] loss: 0.234
[5,   400] loss: 0.162
Valid [5,  18] loss: 0.239
Valid iter[5012] loss: 0.239
[5,   500] loss: 0.160
Valid [5,  18] loss: 0.259
Valid iter[5012] loss: 0.259
[5,   600] loss: 0.160
Valid [5,  18] loss: 0.257
Valid iter[5012] loss: 0.257
[5,   700] loss: 0.156
Valid [5,  18] loss: 0.255
Valid iter[5012] loss: 0.255
[5,   800] loss: 0.157
Valid [5,  18] loss: 0.243
Valid iter[5012] loss: 0.243
[5,   900] loss: 0.157
Valid [5,  18] loss: 0.222
Valid iter[5012] loss: 0.222
[5,  1000] loss: 0.155
Valid [5,  18] loss: 0.236
Valid iter[5012] loss: 0.236
[5,  1100] loss: 0.154
Valid [5,  18] loss: 0.232
Valid iter[5012] loss: 0.232
[5,  1200] loss: 0.152
Valid [5,  18] loss: 0.233
Valid iter[5012] loss: 0.233
[5,  1253] loss: 0.154
Valid [5,  18] loss: 0.219
Valid iter[5012] loss: 0.219
[6,   100] loss: 0.149
Valid [6,  18] loss: 0.214
Valid iter[6265] loss: 0.214
[6,   200] loss: 0.148
Valid [6,  18] loss: 0.241
Valid iter[6265] loss: 0.241
[6,   300] loss: 0.145
Valid [6,  18] loss: 0.245
Valid iter[6265] loss: 0.245
[6,   400] loss: 0.150
Valid [6,  18] loss: 0.237
Valid iter[6265] loss: 0.237
[6,   500] loss: 0.143
Valid [6,  18] loss: 0.238
Valid iter[6265] loss: 0.238
[6,   600] loss: 0.145
Valid [6,  18] loss: 0.239
Valid iter[6265] loss: 0.239
[6,   700] loss: 0.146
Valid [6,  18] loss: 0.247
Valid iter[6265] loss: 0.247
[6,   800] loss: 0.145
Valid [6,  18] loss: 0.221
Valid iter[6265] loss: 0.221
[6,   900] loss: 0.143
Valid [6,  18] loss: 0.216
Valid iter[6265] loss: 0.216
[6,  1000] loss: 0.142
Valid [6,  18] loss: 0.230
Valid iter[6265] loss: 0.230
[6,  1100] loss: 0.142
Valid [6,  18] loss: 0.231
Valid iter[6265] loss: 0.231
[6,  1200] loss: 0.141
Valid [6,  18] loss: 0.221
Valid iter[6265] loss: 0.221
[6,  1253] loss: 0.142
Valid [6,  18] loss: 0.220
Valid iter[6265] loss: 0.220
[7,   100] loss: 0.138
Valid [7,  18] loss: 0.236
Valid iter[7518] loss: 0.236
[7,   200] loss: 0.138
Valid [7,  18] loss: 0.243
Valid iter[7518] loss: 0.243
[7,   300] loss: 0.137
Valid [7,  18] loss: 0.217
Valid iter[7518] loss: 0.217
[7,   400] loss: 0.137
Valid [7,  18] loss: 0.225
Valid iter[7518] loss: 0.225
[7,   500] loss: 0.137
Valid [7,  18] loss: 0.222
Valid iter[7518] loss: 0.222
[7,   600] loss: 0.138
Valid [7,  18] loss: 0.221
Valid iter[7518] loss: 0.221
[7,   700] loss: 0.139
Valid [7,  18] loss: 0.215
Valid iter[7518] loss: 0.215
[7,   800] loss: 0.136
Valid [7,  18] loss: 0.227
Valid iter[7518] loss: 0.227
[7,   900] loss: 0.135
Valid [7,  18] loss: 0.236
Valid iter[7518] loss: 0.236
[7,  1000] loss: 0.137
Valid [7,  18] loss: 0.220
Valid iter[7518] loss: 0.220
[7,  1100] loss: 0.132
Valid [7,  18] loss: 0.227
Valid iter[7518] loss: 0.227
[7,  1200] loss: 0.136
Valid [7,  18] loss: 0.223
Valid iter[7518] loss: 0.223
[7,  1253] loss: 0.135
Valid [7,  18] loss: 0.211
Valid iter[7518] loss: 0.211
[8,   100] loss: 0.134
Valid [8,  18] loss: 0.243
Valid iter[8771] loss: 0.243
[8,   200] loss: 0.130
Valid [8,  18] loss: 0.215
Valid iter[8771] loss: 0.215
[8,   300] loss: 0.130
Valid [8,  18] loss: 0.235
Valid iter[8771] loss: 0.235
[8,   400] loss: 0.131
Valid [8,  18] loss: 0.242
Valid iter[8771] loss: 0.242
[8,   500] loss: 0.131
Valid [8,  18] loss: 0.214
Valid iter[8771] loss: 0.214
[8,   600] loss: 0.132
Valid [8,  18] loss: 0.212
Valid iter[8771] loss: 0.212
[8,   700] loss: 0.131
Valid [8,  18] loss: 0.248
Valid iter[8771] loss: 0.248
[8,   800] loss: 0.133
Valid [8,  18] loss: 0.232
Valid iter[8771] loss: 0.232
[8,   900] loss: 0.132
Valid [8,  18] loss: 0.224
Valid iter[8771] loss: 0.224
[8,  1000] loss: 0.131
Valid [8,  18] loss: 0.236
Valid iter[8771] loss: 0.236
[8,  1100] loss: 0.131
Valid [8,  18] loss: 0.218
Valid iter[8771] loss: 0.218
[8,  1200] loss: 0.130
Valid [8,  18] loss: 0.210
Valid iter[8771] loss: 0.210
[8,  1253] loss: 0.129
Valid [8,  18] loss: 0.220
Valid iter[8771] loss: 0.220
[9,   100] loss: 0.127
Valid [9,  18] loss: 0.220
Valid iter[10024] loss: 0.220
[9,   200] loss: 0.128
Valid [9,  18] loss: 0.248
Valid iter[10024] loss: 0.248
[9,   300] loss: 0.128
Valid [9,  18] loss: 0.218
Valid iter[10024] loss: 0.218
[9,   400] loss: 0.129
Valid [9,  18] loss: 0.218
Valid iter[10024] loss: 0.218
[9,   500] loss: 0.127
Valid [9,  18] loss: 0.218
Valid iter[10024] loss: 0.218
[9,   600] loss: 0.125
Valid [9,  18] loss: 0.229
Valid iter[10024] loss: 0.229
[9,   700] loss: 0.126
Valid [9,  18] loss: 0.224
Valid iter[10024] loss: 0.224
[9,   800] loss: 0.126
Valid [9,  18] loss: 0.215
Valid iter[10024] loss: 0.215
[9,   900] loss: 0.126
Valid [9,  18] loss: 0.229
Valid iter[10024] loss: 0.229
[9,  1000] loss: 0.129
Valid [9,  18] loss: 0.220
Valid iter[10024] loss: 0.220
[9,  1100] loss: 0.128
Valid [9,  18] loss: 0.228
Valid iter[10024] loss: 0.228
[9,  1200] loss: 0.125
Valid [9,  18] loss: 0.207
Valid iter[10024] loss: 0.207
[9,  1253] loss: 0.124
Valid [9,  18] loss: 0.215
Valid iter[10024] loss: 0.215
[10,   100] loss: 0.125
Valid [10,  18] loss: 0.209
Valid iter[11277] loss: 0.209
[10,   200] loss: 0.124
Valid [10,  18] loss: 0.224
Valid iter[11277] loss: 0.224
[10,   300] loss: 0.125
Valid [10,  18] loss: 0.222
Valid iter[11277] loss: 0.222
[10,   400] loss: 0.121
Valid [10,  18] loss: 0.210
Valid iter[11277] loss: 0.210
[10,   500] loss: 0.122
Valid [10,  18] loss: 0.205
Valid iter[11277] loss: 0.205
[10,   600] loss: 0.126
Valid [10,  18] loss: 0.226
Valid iter[11277] loss: 0.226
[10,   700] loss: 0.122
Valid [10,  18] loss: 0.215
Valid iter[11277] loss: 0.215
[10,   800] loss: 0.121
Valid [10,  18] loss: 0.206
Valid iter[11277] loss: 0.206
[10,   900] loss: 0.122
Valid [10,  18] loss: 0.232
Valid iter[11277] loss: 0.232
[10,  1000] loss: 0.122
Valid [10,  18] loss: 0.216
Valid iter[11277] loss: 0.216
[10,  1100] loss: 0.122
Valid [10,  18] loss: 0.221
Valid iter[11277] loss: 0.221
[10,  1200] loss: 0.123
Valid [10,  18] loss: 0.212
Valid iter[11277] loss: 0.212
[10,  1253] loss: 0.121
Valid [10,  18] loss: 0.240
Valid iter[11277] loss: 0.240
[11,   100] loss: 0.119
Valid [11,  18] loss: 0.214
Valid iter[12530] loss: 0.214
[11,   200] loss: 0.120
Valid [11,  18] loss: 0.224
Valid iter[12530] loss: 0.224
[11,   300] loss: 0.121
Valid [11,  18] loss: 0.206
Valid iter[12530] loss: 0.206
[11,   400] loss: 0.122
Valid [11,  18] loss: 0.212
Valid iter[12530] loss: 0.212
[11,   500] loss: 0.122
Valid [11,  18] loss: 0.211
Valid iter[12530] loss: 0.211
[11,   600] loss: 0.119
Valid [11,  18] loss: 0.228
Valid iter[12530] loss: 0.228
[11,   700] loss: 0.118
Valid [11,  18] loss: 0.214
Valid iter[12530] loss: 0.214
[11,   800] loss: 0.119
Valid [11,  18] loss: 0.221
Valid iter[12530] loss: 0.221
[11,   900] loss: 0.118
Valid [11,  18] loss: 0.209
Valid iter[12530] loss: 0.209
[11,  1000] loss: 0.121
Valid [11,  18] loss: 0.213
Valid iter[12530] loss: 0.213
[11,  1100] loss: 0.119
Valid [11,  18] loss: 0.239
Valid iter[12530] loss: 0.239
[11,  1200] loss: 0.119
Valid [11,  18] loss: 0.201
Valid iter[12530] loss: 0.201
[11,  1253] loss: 0.122
Valid [11,  18] loss: 0.213
Valid iter[12530] loss: 0.213
[12,   100] loss: 0.117
Valid [12,  18] loss: 0.227
Valid iter[13783] loss: 0.227
[12,   200] loss: 0.118
Valid [12,  18] loss: 0.208
Valid iter[13783] loss: 0.208
[12,   300] loss: 0.117
Valid [12,  18] loss: 0.210
Valid iter[13783] loss: 0.210
[12,   400] loss: 0.118
Valid [12,  18] loss: 0.210
Valid iter[13783] loss: 0.210
[12,   500] loss: 0.118
Valid [12,  18] loss: 0.214
Valid iter[13783] loss: 0.214
[12,   600] loss: 0.117
Valid [12,  18] loss: 0.232
Valid iter[13783] loss: 0.232
[12,   700] loss: 0.116
Valid [12,  18] loss: 0.210
Valid iter[13783] loss: 0.210
[12,   800] loss: 0.117
Valid [12,  18] loss: 0.207
Valid iter[13783] loss: 0.207
[12,   900] loss: 0.117
Valid [12,  18] loss: 0.211
Valid iter[13783] loss: 0.211
[12,  1000] loss: 0.118
Valid [12,  18] loss: 0.212
Valid iter[13783] loss: 0.212
[12,  1100] loss: 0.117
Valid [12,  18] loss: 0.215
Valid iter[13783] loss: 0.215
[12,  1200] loss: 0.117
Valid [12,  18] loss: 0.195
Valid iter[13783] loss: 0.195
[12,  1253] loss: 0.115
Valid [12,  18] loss: 0.204
Valid iter[13783] loss: 0.204
[13,   100] loss: 0.116
Valid [13,  18] loss: 0.218
Valid iter[15036] loss: 0.218
[13,   200] loss: 0.115
Valid [13,  18] loss: 0.215
Valid iter[15036] loss: 0.215
[13,   300] loss: 0.116
Valid [13,  18] loss: 0.203
Valid iter[15036] loss: 0.203
[13,   800] loss: 0.114
Valid [13,  18] loss: 0.190
Valid iter[15036] loss: 0.190
[13,   900] loss: 0.112
Valid [13,  18] loss: 0.209
Valid iter[15036] loss: 0.209
[13,  1000] loss: 0.114
Valid [13,  18] loss: 0.197
Valid iter[15036] loss: 0.197
[13,  1100] loss: 0.114
Valid [13,  18] loss: 0.215
Valid iter[15036] loss: 0.215
[13,  1200] loss: 0.115
Valid [13,  18] loss: 0.203
Valid iter[15036] loss: 0.203
[13,  1253] loss: 0.115
Valid [13,  18] loss: 0.207
Valid iter[15036] loss: 0.207
[14,   100] loss: 0.113
Valid [14,  18] loss: 0.208
Valid iter[16289] loss: 0.208
[14,   200] loss: 0.114
Valid [14,  18] loss: 0.209
Valid iter[16289] loss: 0.209
[14,   300] loss: 0.114
Valid [14,  18] loss: 0.212
Valid iter[16289] loss: 0.212
[14,   400] loss: 0.113
Valid [14,  18] loss: 0.211
Valid iter[16289] loss: 0.211
[14,   500] loss: 0.113
Valid [14,  18] loss: 0.191
Valid iter[16289] loss: 0.191
[14,   600] loss: 0.111
Valid [14,  18] loss: 0.197
Valid iter[16289] loss: 0.197
[14,   700] loss: 0.114
Valid [14,  18] loss: 0.220
Valid iter[16289] loss: 0.220
[14,   800] loss: 0.112
Valid [14,  18] loss: 0.202
Valid iter[16289] loss: 0.202
[14,   900] loss: 0.111
Valid [14,  18] loss: 0.201
Valid iter[16289] loss: 0.201
[14,  1000] loss: 0.112
Valid [14,  18] loss: 0.202
Valid iter[16289] loss: 0.202
[14,  1100] loss: 0.111
Valid [14,  18] loss: 0.209
Valid iter[16289] loss: 0.209
[14,  1200] loss: 0.111
Valid [14,  18] loss: 0.211
Valid iter[16289] loss: 0.211
[14,  1253] loss: 0.113
Valid [14,  18] loss: 0.196
Valid iter[16289] loss: 0.196
[15,   100] loss: 0.111
Valid [15,  18] loss: 0.219
Valid iter[17542] loss: 0.219
[15,   200] loss: 0.110
Valid [15,  18] loss: 0.190
Valid iter[17542] loss: 0.190
[15,   300] loss: 0.109
Valid [15,  18] loss: 0.198
Valid iter[17542] loss: 0.198
[15,   400] loss: 0.109
Valid [15,  18] loss: 0.204
Valid iter[17542] loss: 0.204
[15,   500] loss: 0.111
Valid [15,  18] loss: 0.206
Valid iter[17542] loss: 0.206
[15,   600] loss: 0.112
Valid [15,  18] loss: 0.193
Valid iter[17542] loss: 0.193
[15,   700] loss: 0.111
Valid [15,  18] loss: 0.218
Valid iter[17542] loss: 0.218
[15,   800] loss: 0.110
Valid [15,  18] loss: 0.191
Valid iter[17542] loss: 0.191
[15,   900] loss: 0.111
Valid [15,  18] loss: 0.220
Valid iter[17542] loss: 0.220
[15,  1000] loss: 0.108
Valid [15,  18] loss: 0.216
Valid iter[17542] loss: 0.216
[15,  1100] loss: 0.111
Valid [15,  18] loss: 0.202
Valid iter[17542] loss: 0.202
[15,  1200] loss: 0.111
Valid [15,  18] loss: 0.222
Valid iter[17542] loss: 0.222
[15,  1253] loss: 0.109
Valid [15,  18] loss: 0.212
Valid iter[17542] loss: 0.212
[16,   100] loss: 0.108
Valid [16,  18] loss: 0.210
Valid iter[18795] loss: 0.210
[16,   200] loss: 0.109
Valid [16,  18] loss: 0.208
Valid iter[18795] loss: 0.208
[16,   300] loss: 0.108
Valid [16,  18] loss: 0.210
Valid iter[18795] loss: 0.210
[16,   400] loss: 0.111
Valid [16,  18] loss: 0.219
Valid iter[18795] loss: 0.219
[16,   500] loss: 0.108
Valid [16,  18] loss: 0.208
Valid iter[18795] loss: 0.208
[16,   600] loss: 0.109
Valid [16,  18] loss: 0.199
Valid iter[18795] loss: 0.199
[16,   700] loss: 0.107
Valid [16,  18] loss: 0.198
Valid iter[18795] loss: 0.198
[16,   800] loss: 0.110
Valid [16,  18] loss: 0.201
Valid iter[18795] loss: 0.201
[16,   900] loss: 0.109
Valid [16,  18] loss: 0.200
Valid iter[18795] loss: 0.200
[16,  1000] loss: 0.109
Valid [16,  18] loss: 0.200
Valid iter[18795] loss: 0.200
[16,  1100] loss: 0.109
Valid [16,  18] loss: 0.202
Valid iter[18795] loss: 0.202
[16,  1200] loss: 0.107
Valid [16,  18] loss: 0.211
Valid iter[18795] loss: 0.211
[16,  1253] loss: 0.108
Valid [16,  18] loss: 0.201
Valid iter[18795] loss: 0.201
[17,   100] loss: 0.107
Valid [17,  18] loss: 0.199
Valid iter[20048] loss: 0.199
[17,   200] loss: 0.108
Valid [17,  18] loss: 0.211
Valid iter[20048] loss: 0.211
[17,   300] loss: 0.106
Valid [17,  18] loss: 0.196
Valid iter[20048] loss: 0.196
[17,   400] loss: 0.107
Valid [17,  18] loss: 0.187
Valid iter[20048] loss: 0.187
[17,   500] loss: 0.109
Valid [17,  18] loss: 0.202
Valid iter[20048] loss: 0.202
[17,   600] loss: 0.107
Valid [17,  18] loss: 0.208
Valid iter[20048] loss: 0.208
[17,   700] loss: 0.107
Valid [17,  18] loss: 0.203
Valid iter[20048] loss: 0.203
[17,   800] loss: 0.108
Valid [17,  18] loss: 0.216
Valid iter[20048] loss: 0.216
[17,   900] loss: 0.105
Valid [17,  18] loss: 0.208
Valid iter[20048] loss: 0.208
[17,  1000] loss: 0.107
Valid [17,  18] loss: 0.205
Valid iter[20048] loss: 0.205
[17,  1100] loss: 0.109
Valid [17,  18] loss: 0.191
Valid iter[20048] loss: 0.191
[17,  1200] loss: 0.107
Valid [17,  18] loss: 0.207
Valid iter[20048] loss: 0.207
[17,  1253] loss: 0.109
Valid [17,  18] loss: 0.200
Valid iter[20048] loss: 0.200
[18,   100] loss: 0.105
Valid [18,  18] loss: 0.214
Valid iter[21301] loss: 0.214
[18,   200] loss: 0.106
Valid [18,  18] loss: 0.203
Valid iter[21301] loss: 0.203
[18,   300] loss: 0.105
Valid [18,  18] loss: 0.204
Valid iter[21301] loss: 0.204
[18,   400] loss: 0.106
Valid [18,  18] loss: 0.210
Valid iter[21301] loss: 0.210
[18,   500] loss: 0.107
Valid [18,  18] loss: 0.181
Valid iter[21301] loss: 0.181
[18,   600] loss: 0.106
Valid [18,  18] loss: 0.192
Valid iter[21301] loss: 0.192
[18,   700] loss: 0.107
Valid [18,  18] loss: 0.209
Valid iter[21301] loss: 0.209
[18,   800] loss: 0.104
Valid [18,  18] loss: 0.187
Valid iter[21301] loss: 0.187
[18,   900] loss: 0.105
Valid [18,  18] loss: 0.212
Valid iter[21301] loss: 0.212
[18,  1000] loss: 0.106
Valid [18,  18] loss: 0.195
Valid iter[21301] loss: 0.195
[18,  1100] loss: 0.107
Valid [18,  18] loss: 0.205
Valid iter[21301] loss: 0.205
[18,  1200] loss: 0.105
Valid [18,  18] loss: 0.189
Valid iter[21301] loss: 0.189
[18,  1253] loss: 0.105
Valid [18,  18] loss: 0.213
Valid iter[21301] loss: 0.213
[19,   100] loss: 0.104
Valid [19,  18] loss: 0.208
Valid iter[22554] loss: 0.208
[19,   200] loss: 0.106
Valid [19,  18] loss: 0.217
Valid iter[22554] loss: 0.217
[19,   300] loss: 0.104
Valid [19,  18] loss: 0.191
Valid iter[22554] loss: 0.191
[19,   400] loss: 0.102
Valid [19,  18] loss: 0.195
Valid iter[22554] loss: 0.195
[19,   500] loss: 0.103
Valid [19,  18] loss: 0.191
Valid iter[22554] loss: 0.191
[19,   600] loss: 0.104
Valid [19,  18] loss: 0.187
Valid iter[22554] loss: 0.187
[19,   700] loss: 0.106
Valid [19,  18] loss: 0.205
Valid iter[22554] loss: 0.205
[19,   800] loss: 0.104
Valid [19,  18] loss: 0.199
Valid iter[22554] loss: 0.199
[19,   900] loss: 0.104
Valid [19,  18] loss: 0.218
Valid iter[22554] loss: 0.218
[19,  1000] loss: 0.106
Valid [19,  18] loss: 0.200
Valid iter[22554] loss: 0.200
[19,  1100] loss: 0.105
Valid [19,  18] loss: 0.208
Valid iter[22554] loss: 0.208
[19,  1200] loss: 0.105
Valid [19,  18] loss: 0.197
Valid iter[22554] loss: 0.197
[19,  1253] loss: 0.104
Valid [19,  18] loss: 0.191
Valid iter[22554] loss: 0.191
[20,   100] loss: 0.105
Valid [20,  18] loss: 0.203
Valid iter[23807] loss: 0.203
[20,   200] loss: 0.103
Valid [20,  18] loss: 0.193
Valid iter[23807] loss: 0.193
[20,   300] loss: 0.102
Valid [20,  18] loss: 0.192
Valid iter[23807] loss: 0.192
[20,   400] loss: 0.101
Valid [20,  18] loss: 0.192
Valid iter[23807] loss: 0.192
[20,   500] loss: 0.103
Valid [20,  18] loss: 0.206
Valid iter[23807] loss: 0.206
[20,   600] loss: 0.103
Valid [20,  18] loss: 0.196
Valid iter[23807] loss: 0.196
[20,   700] loss: 0.104
Valid [20,  18] loss: 0.200
Valid iter[23807] loss: 0.200
[20,   800] loss: 0.103
Valid [20,  18] loss: 0.205
Valid iter[23807] loss: 0.205
[20,   900] loss: 0.103
Valid [20,  18] loss: 0.218
Valid iter[23807] loss: 0.218
Early Stop ====== 
Training Over ====== 
Model Saved to /home/sh/VSRemote/NetworkWithPytorch/AlexNet/Valence/weights/net.pth ====== 
